# This is the CMakeCache file.
# For build in directory: /home/tgrogers-raid/a/gaur13/accel-sim-updated/accel-sim/accel-sim-framework/gpu-app-collection/src/cuda/cutlass-bench/build
# It was generated by CMake: /usr/bin/cmake
# You can edit this file to change values found and used by cmake.
# If you do not want to change any of the values, simply exit the editor.
# If you do want to change a value, simply edit, save, and exit the editor.
# The syntax for the file is as follows:
# KEY:TYPE=VALUE
# KEY is the name of a variable in the cache.
# TYPE is a hint to GUIs for the type of VALUE, DO NOT EDIT TYPE!.
# VALUE is the current value for the KEY.

########################
# EXTERNAL cache entries
########################

//Builds the googlemock subproject
BUILD_GMOCK:BOOL=ON

//Build the testing tree.
BUILD_TESTING:BOOL=ON

//Path to a program.
CMAKE_ADDR2LINE:FILEPATH=/usr/bin/addr2line

//Path to a program.
CMAKE_AR:FILEPATH=/usr/bin/ar

//Choose build level
CMAKE_BUILD_TYPE:STRING=Release

//Enable/Disable color output during build.
CMAKE_COLOR_MAKEFILE:BOOL=ON

//CUDA architectures
CMAKE_CUDA_ARCHITECTURES:STRING=52

//CUDA compiler
CMAKE_CUDA_COMPILER:FILEPATH=/home/tgrogers-raid/a/common/cuda-11.7/bin/nvcc

//Flags used by the CUDA compiler during all build types.
CMAKE_CUDA_FLAGS:STRING=

//Flags used by the CUDA compiler during DEBUG builds.
CMAKE_CUDA_FLAGS_DEBUG:STRING=-g

//Flags used by the CUDA compiler during MINSIZEREL builds.
CMAKE_CUDA_FLAGS_MINSIZEREL:STRING=-O1 -DNDEBUG

//Flags used by the CUDA compiler during RELEASE builds.
CMAKE_CUDA_FLAGS_RELEASE:STRING=-O3 -DNDEBUG

//Flags used by the CUDA compiler during RELWITHDEBINFO builds.
CMAKE_CUDA_FLAGS_RELWITHDEBINFO:STRING=-O2 -g -DNDEBUG

//CXX compiler
CMAKE_CXX_COMPILER:FILEPATH=/usr/bin/c++

//A wrapper around 'ar' adding the appropriate '--plugin' option
// for the GCC compiler
CMAKE_CXX_COMPILER_AR:FILEPATH=/usr/bin/gcc-ar-7

//A wrapper around 'ranlib' adding the appropriate '--plugin' option
// for the GCC compiler
CMAKE_CXX_COMPILER_RANLIB:FILEPATH=/usr/bin/gcc-ranlib-7

//Flags used by the CXX compiler during all build types.
CMAKE_CXX_FLAGS:STRING=

//Flags used by the CXX compiler during DEBUG builds.
CMAKE_CXX_FLAGS_DEBUG:STRING=-g

//Flags used by the CXX compiler during MINSIZEREL builds.
CMAKE_CXX_FLAGS_MINSIZEREL:STRING=-Os -DNDEBUG

//Flags used by the CXX compiler during RELEASE builds.
CMAKE_CXX_FLAGS_RELEASE:STRING=-O3 -DNDEBUG

//Flags used by the CXX compiler during RELWITHDEBINFO builds.
CMAKE_CXX_FLAGS_RELWITHDEBINFO:STRING=-O2 -g -DNDEBUG

//C compiler
CMAKE_C_COMPILER:FILEPATH=/usr/bin/cc

//A wrapper around 'ar' adding the appropriate '--plugin' option
// for the GCC compiler
CMAKE_C_COMPILER_AR:FILEPATH=/usr/bin/gcc-ar-7

//A wrapper around 'ranlib' adding the appropriate '--plugin' option
// for the GCC compiler
CMAKE_C_COMPILER_RANLIB:FILEPATH=/usr/bin/gcc-ranlib-7

//Flags used by the C compiler during all build types.
CMAKE_C_FLAGS:STRING=

//Flags used by the C compiler during DEBUG builds.
CMAKE_C_FLAGS_DEBUG:STRING=-g

//Flags used by the C compiler during MINSIZEREL builds.
CMAKE_C_FLAGS_MINSIZEREL:STRING=-Os -DNDEBUG

//Flags used by the C compiler during RELEASE builds.
CMAKE_C_FLAGS_RELEASE:STRING=-O3 -DNDEBUG

//Flags used by the C compiler during RELWITHDEBINFO builds.
CMAKE_C_FLAGS_RELWITHDEBINFO:STRING=-O2 -g -DNDEBUG

//Path to a program.
CMAKE_DLLTOOL:FILEPATH=CMAKE_DLLTOOL-NOTFOUND

//Flags used by the linker during all build types.
CMAKE_EXE_LINKER_FLAGS:STRING=

//Flags used by the linker during DEBUG builds.
CMAKE_EXE_LINKER_FLAGS_DEBUG:STRING=

//Flags used by the linker during MINSIZEREL builds.
CMAKE_EXE_LINKER_FLAGS_MINSIZEREL:STRING=

//Flags used by the linker during RELEASE builds.
CMAKE_EXE_LINKER_FLAGS_RELEASE:STRING=

//Flags used by the linker during RELWITHDEBINFO builds.
CMAKE_EXE_LINKER_FLAGS_RELWITHDEBINFO:STRING=

//Enable/Disable output of compile commands during generation.
CMAKE_EXPORT_COMPILE_COMMANDS:BOOL=

//Value Computed by CMake.
CMAKE_FIND_PACKAGE_REDIRECTS_DIR:STATIC=/home/tgrogers-raid/a/gaur13/accel-sim-updated/accel-sim/accel-sim-framework/gpu-app-collection/src/cuda/cutlass-bench/build/CMakeFiles/pkgRedirects

//User executables (bin)
CMAKE_INSTALL_BINDIR:PATH=bin

//Read-only architecture-independent data (DATAROOTDIR)
CMAKE_INSTALL_DATADIR:PATH=

//Read-only architecture-independent data root (share)
CMAKE_INSTALL_DATAROOTDIR:PATH=share

//Documentation root (DATAROOTDIR/doc/PROJECT_NAME)
CMAKE_INSTALL_DOCDIR:PATH=

//C header files (include)
CMAKE_INSTALL_INCLUDEDIR:PATH=include

//Info documentation (DATAROOTDIR/info)
CMAKE_INSTALL_INFODIR:PATH=

//Object code libraries (lib)
CMAKE_INSTALL_LIBDIR:PATH=lib

//Program executables (libexec)
CMAKE_INSTALL_LIBEXECDIR:PATH=libexec

//Locale-dependent data (DATAROOTDIR/locale)
CMAKE_INSTALL_LOCALEDIR:PATH=

//Modifiable single-machine data (var)
CMAKE_INSTALL_LOCALSTATEDIR:PATH=var

//Man documentation (DATAROOTDIR/man)
CMAKE_INSTALL_MANDIR:PATH=

//C header files for non-gcc (/usr/include)
CMAKE_INSTALL_OLDINCLUDEDIR:PATH=/usr/include

//Default installation location.
CMAKE_INSTALL_PREFIX:PATH=install

//Run-time variable data (LOCALSTATEDIR/run)
CMAKE_INSTALL_RUNSTATEDIR:PATH=

//System admin executables (sbin)
CMAKE_INSTALL_SBINDIR:PATH=sbin

//Modifiable architecture-independent data (com)
CMAKE_INSTALL_SHAREDSTATEDIR:PATH=com

//Read-only single-machine data (etc)
CMAKE_INSTALL_SYSCONFDIR:PATH=etc

//Path to a program.
CMAKE_LINKER:FILEPATH=/usr/bin/ld

//Path to a program.
CMAKE_MAKE_PROGRAM:FILEPATH=/usr/bin/make

//Flags used by the linker during the creation of modules during
// all build types.
CMAKE_MODULE_LINKER_FLAGS:STRING=

//Flags used by the linker during the creation of modules during
// DEBUG builds.
CMAKE_MODULE_LINKER_FLAGS_DEBUG:STRING=

//Flags used by the linker during the creation of modules during
// MINSIZEREL builds.
CMAKE_MODULE_LINKER_FLAGS_MINSIZEREL:STRING=

//Flags used by the linker during the creation of modules during
// RELEASE builds.
CMAKE_MODULE_LINKER_FLAGS_RELEASE:STRING=

//Flags used by the linker during the creation of modules during
// RELWITHDEBINFO builds.
CMAKE_MODULE_LINKER_FLAGS_RELWITHDEBINFO:STRING=

//Path to a program.
CMAKE_NM:FILEPATH=/usr/bin/nm

//Path to a program.
CMAKE_OBJCOPY:FILEPATH=/usr/bin/objcopy

//Path to a program.
CMAKE_OBJDUMP:FILEPATH=/usr/bin/objdump

//Value Computed by CMake
CMAKE_PROJECT_DESCRIPTION:STATIC=

//Value Computed by CMake
CMAKE_PROJECT_HOMEPAGE_URL:STATIC=

//Value Computed by CMake
CMAKE_PROJECT_NAME:STATIC=CUTLASS

//Value Computed by CMake
CMAKE_PROJECT_VERSION:STATIC=3.1.0

//Value Computed by CMake
CMAKE_PROJECT_VERSION_MAJOR:STATIC=3

//Value Computed by CMake
CMAKE_PROJECT_VERSION_MINOR:STATIC=1

//Value Computed by CMake
CMAKE_PROJECT_VERSION_PATCH:STATIC=0

//Value Computed by CMake
CMAKE_PROJECT_VERSION_TWEAK:STATIC=

//Path to a program.
CMAKE_RANLIB:FILEPATH=/usr/bin/ranlib

//Path to a program.
CMAKE_READELF:FILEPATH=/usr/bin/readelf

//Flags used by the linker during the creation of shared libraries
// during all build types.
CMAKE_SHARED_LINKER_FLAGS:STRING=

//Flags used by the linker during the creation of shared libraries
// during DEBUG builds.
CMAKE_SHARED_LINKER_FLAGS_DEBUG:STRING=

//Flags used by the linker during the creation of shared libraries
// during MINSIZEREL builds.
CMAKE_SHARED_LINKER_FLAGS_MINSIZEREL:STRING=

//Flags used by the linker during the creation of shared libraries
// during RELEASE builds.
CMAKE_SHARED_LINKER_FLAGS_RELEASE:STRING=

//Flags used by the linker during the creation of shared libraries
// during RELWITHDEBINFO builds.
CMAKE_SHARED_LINKER_FLAGS_RELWITHDEBINFO:STRING=

//If set, runtime paths are not added when installing shared libraries,
// but are added when building.
CMAKE_SKIP_INSTALL_RPATH:BOOL=NO

//If set, runtime paths are not added when using shared libraries.
CMAKE_SKIP_RPATH:BOOL=NO

//Flags used by the linker during the creation of static libraries
// during all build types.
CMAKE_STATIC_LINKER_FLAGS:STRING=

//Flags used by the linker during the creation of static libraries
// during DEBUG builds.
CMAKE_STATIC_LINKER_FLAGS_DEBUG:STRING=

//Flags used by the linker during the creation of static libraries
// during MINSIZEREL builds.
CMAKE_STATIC_LINKER_FLAGS_MINSIZEREL:STRING=

//Flags used by the linker during the creation of static libraries
// during RELEASE builds.
CMAKE_STATIC_LINKER_FLAGS_RELEASE:STRING=

//Flags used by the linker during the creation of static libraries
// during RELWITHDEBINFO builds.
CMAKE_STATIC_LINKER_FLAGS_RELWITHDEBINFO:STRING=

//Path to a program.
CMAKE_STRIP:FILEPATH=/usr/bin/strip

//Test root install location, relative to CMAKE_INSTALL_PREFIX.
CMAKE_TEST_INSTALL_PREFIX:STRING=test

//If this value is on, makefiles will be generated without the
// .SILENT directive, and all commands will be echoed to the console
// during the make.  This is useful for debugging only. With Visual
// Studio IDE projects all commands are done without /nologo.
CMAKE_VERBOSE_MAKEFILE:BOOL=FALSE

//Path to the coverage program that CTest uses for performing coverage
// inspection
COVERAGE_COMMAND:FILEPATH=/usr/bin/gcov

//Extra command line flags to pass to the coverage tool
COVERAGE_EXTRA_FLAGS:STRING=-l

//Enable to build Debian packages
CPACK_BINARY_DEB:BOOL=OFF

//Enable to build FreeBSD packages
CPACK_BINARY_FREEBSD:BOOL=OFF

//Enable to build IFW packages
CPACK_BINARY_IFW:BOOL=OFF

//Enable to build NSIS packages
CPACK_BINARY_NSIS:BOOL=OFF

//Enable to build RPM packages
CPACK_BINARY_RPM:BOOL=OFF

//Enable to build STGZ packages
CPACK_BINARY_STGZ:BOOL=ON

//Enable to build TBZ2 packages
CPACK_BINARY_TBZ2:BOOL=OFF

//Enable to build TGZ packages
CPACK_BINARY_TGZ:BOOL=ON

//Enable to build TXZ packages
CPACK_BINARY_TXZ:BOOL=OFF

//Enable to build TZ packages
CPACK_BINARY_TZ:BOOL=ON

//Enable to build RPM source packages
CPACK_SOURCE_RPM:BOOL=OFF

//Enable to build TBZ2 source packages
CPACK_SOURCE_TBZ2:BOOL=ON

//Enable to build TGZ source packages
CPACK_SOURCE_TGZ:BOOL=ON

//Enable to build TXZ source packages
CPACK_SOURCE_TXZ:BOOL=ON

//Enable to build TZ source packages
CPACK_SOURCE_TZ:BOOL=ON

//Enable to build ZIP source packages
CPACK_SOURCE_ZIP:BOOL=OFF

//How many times to retry timed-out CTest submissions.
CTEST_SUBMIT_RETRY_COUNT:STRING=3

//How long to wait between timed-out CTest submissions.
CTEST_SUBMIT_RETRY_DELAY:STRING=5

//Path to a library.
CUDART_LIBRARY:FILEPATH=/home/tgrogers-raid/a/common/cuda-11.7/lib64/libcudart.so

//Path to a library.
CUDA_DRIVER_LIBRARY:FILEPATH=/home/tgrogers-raid/a/common/cuda-11.7/lib64/stubs/libcuda.so

//Value Computed by CMake
CUTLASS_BINARY_DIR:STATIC=/home/tgrogers-raid/a/gaur13/accel-sim-updated/accel-sim/accel-sim-framework/gpu-app-collection/src/cuda/cutlass-bench/build

//Enable/Disable convolution device reference for conv unit tests.
CUTLASS_CONV_TEST_UNIT_REFERENCE_DEVICE_ENABLED:BOOL=ON

//Enable/Disable rigorous conv problem sizes in conv unit tests
CUTLASS_CONV_UNIT_TEST_RIGOROUS_SIZE_ENABLED:BOOL=ON

//Level of debug tracing to perform.
CUTLASS_DEBUG_TRACE_LEVEL:STRING=0

//CUTLASS Repository Directory
CUTLASS_DIR:PATH=/home/tgrogers-raid/a/gaur13/accel-sim-updated/accel-sim/accel-sim-framework/gpu-app-collection/src/cuda/cutlass-bench

//cuBLAS usage for tests
CUTLASS_ENABLE_CUBLAS:BOOL=OFF

//cuDNN usage for tests
CUTLASS_ENABLE_CUDNN:BOOL=OFF

//Enable CUTLASS Examples
CUTLASS_ENABLE_EXAMPLES:BOOL=ON

//Enable F16C x86 extensions in host code.
CUTLASS_ENABLE_F16C:BOOL=OFF

//Enable only the header library
CUTLASS_ENABLE_HEADERS_ONLY:BOOL=OFF

//Enable CUTLASS Library
CUTLASS_ENABLE_LIBRARY:BOOL=ON

//Enable CUTLASS Proformance
CUTLASS_ENABLE_PERFORMANCE:BOOL=ON

//Enable CUTLASS Profiler
CUTLASS_ENABLE_PROFILER:BOOL=ON

//Enable PTX mma instruction for collective matrix multiply operations.
CUTLASS_ENABLE_TENSOR_CORE_MMA:BOOL=ON

//Enable CUTLASS Tests
CUTLASS_ENABLE_TESTS:BOOL=ON}

//Enable CUTLASS Tools
CUTLASS_ENABLE_TOOLS:BOOL=ON

//CUTLASS Header Library
CUTLASS_INCLUDE_DIR:PATH=/home/tgrogers-raid/a/gaur13/accel-sim-updated/accel-sim/accel-sim-framework/gpu-app-collection/src/cuda/cutlass-bench/include

//Install test executables
CUTLASS_INSTALL_TESTS:BOOL=ON

//Value Computed by CMake
CUTLASS_IS_TOP_LEVEL:STATIC=ON

//Default postfix value for debug libraries
CUTLASS_LIBRARY_DEBUG_POSTFIX:STRING=.debug

//Comma delimited list of kernel names to exclude from build.
CUTLASS_LIBRARY_IGNORE_KERNELS:STRING=

//Comma delimited list of kernel name filters. If unspecified,
// only the largest tile size is enabled. If 'all' is specified,
// all kernels are enabled.
CUTLASS_LIBRARY_KERNELS:STRING=

//Comma delimited list of operation name filters. Default '' means
// all operations are enabled.
CUTLASS_LIBRARY_OPERATIONS:STRING=all

//Top level namespace of CUTLASS
CUTLASS_NAMESPACE:STRING=cutlass

//Utilize the CMake native CUDA flow
CUTLASS_NATIVE_CUDA:BOOL=ON

//The SM architectures requested.
CUTLASS_NVCC_ARCHS:STRING=75

//The SM architectures to build code for.
CUTLASS_NVCC_ARCHS_ENABLED:STRING=75

//Embed compiled CUDA kernel binaries into executables.
CUTLASS_NVCC_EMBED_CUBIN:BOOL=ON

//Embed compiled PTX into executables.
CUTLASS_NVCC_EMBED_PTX:BOOL=ON

//Keep intermediate files generated by NVCC.
CUTLASS_NVCC_KEEP:BOOL=OFF

//Enable NVRTC support
CUTLASS_NVRTC_ENABLE:BOOL=ON

//Value Computed by CMake
CUTLASS_SOURCE_DIR:STATIC=/home/tgrogers-raid/a/gaur13/accel-sim-updated/accel-sim/accel-sim-framework/gpu-app-collection/src/cuda/cutlass-bench

//Enable caching and reuse of test results in unit tests
CUTLASS_TEST_ENABLE_CACHED_RESULTS:BOOL=ON

//Environment in which to invoke unit test executables
CUTLASS_TEST_EXECUTION_ENVIRONMENT:BOOL=

//Test root install location, relative to CMAKE_INSTALL_PREFIX.
CUTLASS_TEST_INSTALL_BINDIR:STRING=test/cutlass/bin

//Test root install location, relative to CMAKE_INSTALL_PREFIX.
CUTLASS_TEST_INSTALL_LIBDIR:STRING=test/cutlass/lib

//Test root install location, relative to CMAKE_INSTALL_PREFIX.
CUTLASS_TEST_INSTALL_PREFIX:STRING=test/cutlass

//Level of tests to compile.
CUTLASS_TEST_LEVEL:STRING=0

//Enable warnings on waived unit tests.
CUTLASS_TEST_UNIT_ENABLE_WARNINGS:BOOL=OFF

//Batch size for unified source files
CUTLASS_UNITY_BUILD_BATCH_SIZE:STRING=16

//Enable combined source compilation
CUTLASS_UNITY_BUILD_ENABLED:BOOL=OFF

//Maximum time allowed before CTest will kill the test.
DART_TESTING_TIMEOUT:STRING=1500

//Dot tool for use with Doxygen
DOXYGEN_DOT_EXECUTABLE:FILEPATH=/usr/bin/dot

//Doxygen documentation generation tool (https://www.doxygen.nl)
DOXYGEN_EXECUTABLE:FILEPATH=DOXYGEN_EXECUTABLE-NOTFOUND

//Directory under which to collect all populated content
FETCHCONTENT_BASE_DIR:PATH=/home/tgrogers-raid/a/gaur13/accel-sim-updated/accel-sim/accel-sim-framework/gpu-app-collection/src/cuda/cutlass-bench/build/_deps

//Disables all attempts to download or update content and assumes
// source dirs already exist
FETCHCONTENT_FULLY_DISCONNECTED:BOOL=OFF

//Enables QUIET option for all content population
FETCHCONTENT_QUIET:BOOL=ON

//When not empty, overrides where to find pre-populated content
// for googletest
FETCHCONTENT_SOURCE_DIR_GOOGLETEST:PATH=

//Enables UPDATE_DISCONNECTED behavior for all content population
FETCHCONTENT_UPDATES_DISCONNECTED:BOOL=OFF

//Enables UPDATE_DISCONNECTED behavior just for population of googletest
FETCHCONTENT_UPDATES_DISCONNECTED_GOOGLETEST:BOOL=OFF

//Path to a program.
GITCOMMAND:FILEPATH=/usr/bin/git

//Git command line client
GIT_EXECUTABLE:FILEPATH=/usr/bin/git

//Location of local GoogleTest repo to build against
GOOGLETEST_DIR:STRING=

//Use Abseil and RE2. Requires Abseil and RE2 to be separately
// added to the build.
GTEST_HAS_ABSL:BOOL=OFF

//Do not explicitly specify -std=c++11 if set
IMPLICIT_CMAKE_CXX_STANDARD:BOOL=OFF

//Enable installation of googletest. (Projects embedding googletest
// may want to turn this OFF.)
INSTALL_GTEST:BOOL=ON

//Command to build the project
MAKECOMMAND:STRING=/usr/bin/cmake --build . --config "${CTEST_CONFIGURATION_TYPE}"

//Path to the memory checking command, used for memory error detection.
MEMORYCHECK_COMMAND:FILEPATH=/home/tgrogers-raid/a/gaur13/packages/valgrind/bin/valgrind

//File that contains suppressions for the memory checker
MEMORYCHECK_SUPPRESSIONS_FILE:FILEPATH=

//Path to a library.
NVRTC_LIBRARY:FILEPATH=/home/tgrogers-raid/a/common/cuda-11.7/lib64/libnvrtc.so

//Name of the computer/site where compile is being run
SITE:STRING=tgrogers-gpu02.ecn.purdue.edu

//No help, variable specified on the command line.
USE_GPGPUSIM:UNINITIALIZED=1

//Value Computed by CMake
gmock_BINARY_DIR:STATIC=/home/tgrogers-raid/a/gaur13/accel-sim-updated/accel-sim/accel-sim-framework/gpu-app-collection/src/cuda/cutlass-bench/build/_deps/googletest-build/googlemock

//Value Computed by CMake
gmock_IS_TOP_LEVEL:STATIC=OFF

//Dependencies for the target
gmock_LIB_DEPENDS:STATIC=general;gtest;

//Value Computed by CMake
gmock_SOURCE_DIR:STATIC=/home/tgrogers-raid/a/gaur13/accel-sim-updated/accel-sim/accel-sim-framework/gpu-app-collection/src/cuda/cutlass-bench/build/_deps/googletest-src/googlemock

//Build all of Google Mock's own tests.
gmock_build_tests:BOOL=OFF

//Dependencies for the target
gmock_main_LIB_DEPENDS:STATIC=general;gmock;

//Value Computed by CMake
googletest-distribution_BINARY_DIR:STATIC=/home/tgrogers-raid/a/gaur13/accel-sim-updated/accel-sim/accel-sim-framework/gpu-app-collection/src/cuda/cutlass-bench/build/_deps/googletest-build

//Value Computed by CMake
googletest-distribution_IS_TOP_LEVEL:STATIC=OFF

//Value Computed by CMake
googletest-distribution_SOURCE_DIR:STATIC=/home/tgrogers-raid/a/gaur13/accel-sim-updated/accel-sim/accel-sim-framework/gpu-app-collection/src/cuda/cutlass-bench/build/_deps/googletest-src

//Value Computed by CMake
gtest_BINARY_DIR:STATIC=/home/tgrogers-raid/a/gaur13/accel-sim-updated/accel-sim/accel-sim-framework/gpu-app-collection/src/cuda/cutlass-bench/build/_deps/googletest-build/googletest

//Value Computed by CMake
gtest_IS_TOP_LEVEL:STATIC=OFF

//Value Computed by CMake
gtest_SOURCE_DIR:STATIC=/home/tgrogers-raid/a/gaur13/accel-sim-updated/accel-sim/accel-sim-framework/gpu-app-collection/src/cuda/cutlass-bench/build/_deps/googletest-src/googletest

//Build gtest's sample programs.
gtest_build_samples:BOOL=OFF

//Build all of gtest's own tests.
gtest_build_tests:BOOL=OFF

//Disable uses of pthreads in gtest.
gtest_disable_pthreads:BOOL=OFF

//Use shared (DLL) run-time lib even when Google Test is built
// as static lib.
gtest_force_shared_crt:BOOL=OFF

//Build gtest with internal symbols hidden in shared libraries.
gtest_hide_internal_symbols:BOOL=OFF

//Dependencies for the target
gtest_main_LIB_DEPENDS:STATIC=general;gtest;


########################
# INTERNAL cache entries
########################

//ADVANCED property for variable: CMAKE_ADDR2LINE
CMAKE_ADDR2LINE-ADVANCED:INTERNAL=1
//ADVANCED property for variable: CMAKE_AR
CMAKE_AR-ADVANCED:INTERNAL=1
//STRINGS property for variable: CMAKE_BUILD_TYPE
CMAKE_BUILD_TYPE-STRINGS:INTERNAL=Debug;RelWithDebInfo;Release
//This is the directory where this CMakeCache.txt was created
CMAKE_CACHEFILE_DIR:INTERNAL=/home/tgrogers-raid/a/gaur13/accel-sim-updated/accel-sim/accel-sim-framework/gpu-app-collection/src/cuda/cutlass-bench/build
//Major version of cmake used to create the current loaded cache
CMAKE_CACHE_MAJOR_VERSION:INTERNAL=3
//Minor version of cmake used to create the current loaded cache
CMAKE_CACHE_MINOR_VERSION:INTERNAL=25
//Patch version of cmake used to create the current loaded cache
CMAKE_CACHE_PATCH_VERSION:INTERNAL=2
//ADVANCED property for variable: CMAKE_COLOR_MAKEFILE
CMAKE_COLOR_MAKEFILE-ADVANCED:INTERNAL=1
//Path to CMake executable.
CMAKE_COMMAND:INTERNAL=/usr/bin/cmake
//Path to cpack program executable.
CMAKE_CPACK_COMMAND:INTERNAL=/usr/bin/cpack
//ADVANCED property for variable: CMAKE_CTEST_COMMAND
CMAKE_CTEST_COMMAND-ADVANCED:INTERNAL=1
//Path to ctest program executable.
CMAKE_CTEST_COMMAND:INTERNAL=/usr/bin/ctest
//ADVANCED property for variable: CMAKE_CUDA_COMPILER
CMAKE_CUDA_COMPILER-ADVANCED:INTERNAL=1
//ADVANCED property for variable: CMAKE_CUDA_FLAGS
CMAKE_CUDA_FLAGS-ADVANCED:INTERNAL=1
//ADVANCED property for variable: CMAKE_CUDA_FLAGS_DEBUG
CMAKE_CUDA_FLAGS_DEBUG-ADVANCED:INTERNAL=1
//ADVANCED property for variable: CMAKE_CUDA_FLAGS_MINSIZEREL
CMAKE_CUDA_FLAGS_MINSIZEREL-ADVANCED:INTERNAL=1
//ADVANCED property for variable: CMAKE_CUDA_FLAGS_RELEASE
CMAKE_CUDA_FLAGS_RELEASE-ADVANCED:INTERNAL=1
//ADVANCED property for variable: CMAKE_CUDA_FLAGS_RELWITHDEBINFO
CMAKE_CUDA_FLAGS_RELWITHDEBINFO-ADVANCED:INTERNAL=1
//ADVANCED property for variable: CMAKE_CXX_COMPILER
CMAKE_CXX_COMPILER-ADVANCED:INTERNAL=1
//ADVANCED property for variable: CMAKE_CXX_COMPILER_AR
CMAKE_CXX_COMPILER_AR-ADVANCED:INTERNAL=1
//ADVANCED property for variable: CMAKE_CXX_COMPILER_RANLIB
CMAKE_CXX_COMPILER_RANLIB-ADVANCED:INTERNAL=1
//ADVANCED property for variable: CMAKE_CXX_FLAGS
CMAKE_CXX_FLAGS-ADVANCED:INTERNAL=1
//ADVANCED property for variable: CMAKE_CXX_FLAGS_DEBUG
CMAKE_CXX_FLAGS_DEBUG-ADVANCED:INTERNAL=1
//ADVANCED property for variable: CMAKE_CXX_FLAGS_MINSIZEREL
CMAKE_CXX_FLAGS_MINSIZEREL-ADVANCED:INTERNAL=1
//ADVANCED property for variable: CMAKE_CXX_FLAGS_RELEASE
CMAKE_CXX_FLAGS_RELEASE-ADVANCED:INTERNAL=1
//ADVANCED property for variable: CMAKE_CXX_FLAGS_RELWITHDEBINFO
CMAKE_CXX_FLAGS_RELWITHDEBINFO-ADVANCED:INTERNAL=1
//ADVANCED property for variable: CMAKE_C_COMPILER
CMAKE_C_COMPILER-ADVANCED:INTERNAL=1
//ADVANCED property for variable: CMAKE_C_COMPILER_AR
CMAKE_C_COMPILER_AR-ADVANCED:INTERNAL=1
//ADVANCED property for variable: CMAKE_C_COMPILER_RANLIB
CMAKE_C_COMPILER_RANLIB-ADVANCED:INTERNAL=1
//ADVANCED property for variable: CMAKE_C_FLAGS
CMAKE_C_FLAGS-ADVANCED:INTERNAL=1
//ADVANCED property for variable: CMAKE_C_FLAGS_DEBUG
CMAKE_C_FLAGS_DEBUG-ADVANCED:INTERNAL=1
//ADVANCED property for variable: CMAKE_C_FLAGS_MINSIZEREL
CMAKE_C_FLAGS_MINSIZEREL-ADVANCED:INTERNAL=1
//ADVANCED property for variable: CMAKE_C_FLAGS_RELEASE
CMAKE_C_FLAGS_RELEASE-ADVANCED:INTERNAL=1
//ADVANCED property for variable: CMAKE_C_FLAGS_RELWITHDEBINFO
CMAKE_C_FLAGS_RELWITHDEBINFO-ADVANCED:INTERNAL=1
//ADVANCED property for variable: CMAKE_DLLTOOL
CMAKE_DLLTOOL-ADVANCED:INTERNAL=1
//Path to cache edit program executable.
CMAKE_EDIT_COMMAND:INTERNAL=/usr/bin/ccmake
//Executable file format
CMAKE_EXECUTABLE_FORMAT:INTERNAL=ELF
//ADVANCED property for variable: CMAKE_EXE_LINKER_FLAGS
CMAKE_EXE_LINKER_FLAGS-ADVANCED:INTERNAL=1
//ADVANCED property for variable: CMAKE_EXE_LINKER_FLAGS_DEBUG
CMAKE_EXE_LINKER_FLAGS_DEBUG-ADVANCED:INTERNAL=1
//ADVANCED property for variable: CMAKE_EXE_LINKER_FLAGS_MINSIZEREL
CMAKE_EXE_LINKER_FLAGS_MINSIZEREL-ADVANCED:INTERNAL=1
//ADVANCED property for variable: CMAKE_EXE_LINKER_FLAGS_RELEASE
CMAKE_EXE_LINKER_FLAGS_RELEASE-ADVANCED:INTERNAL=1
//ADVANCED property for variable: CMAKE_EXE_LINKER_FLAGS_RELWITHDEBINFO
CMAKE_EXE_LINKER_FLAGS_RELWITHDEBINFO-ADVANCED:INTERNAL=1
//ADVANCED property for variable: CMAKE_EXPORT_COMPILE_COMMANDS
CMAKE_EXPORT_COMPILE_COMMANDS-ADVANCED:INTERNAL=1
//Name of external makefile project generator.
CMAKE_EXTRA_GENERATOR:INTERNAL=
//Name of generator.
CMAKE_GENERATOR:INTERNAL=Unix Makefiles
//Generator instance identifier.
CMAKE_GENERATOR_INSTANCE:INTERNAL=
//Name of generator platform.
CMAKE_GENERATOR_PLATFORM:INTERNAL=
//Name of generator toolset.
CMAKE_GENERATOR_TOOLSET:INTERNAL=
//Test CMAKE_HAVE_LIBC_PTHREAD
CMAKE_HAVE_LIBC_PTHREAD:INTERNAL=
//Have library pthreads
CMAKE_HAVE_PTHREADS_CREATE:INTERNAL=
//Have library pthread
CMAKE_HAVE_PTHREAD_CREATE:INTERNAL=1
//Source directory with the top level CMakeLists.txt file for this
// project
CMAKE_HOME_DIRECTORY:INTERNAL=/home/tgrogers-raid/a/gaur13/accel-sim-updated/accel-sim/accel-sim-framework/gpu-app-collection/src/cuda/cutlass-bench
//ADVANCED property for variable: CMAKE_INSTALL_BINDIR
CMAKE_INSTALL_BINDIR-ADVANCED:INTERNAL=1
//ADVANCED property for variable: CMAKE_INSTALL_DATADIR
CMAKE_INSTALL_DATADIR-ADVANCED:INTERNAL=1
//ADVANCED property for variable: CMAKE_INSTALL_DATAROOTDIR
CMAKE_INSTALL_DATAROOTDIR-ADVANCED:INTERNAL=1
//ADVANCED property for variable: CMAKE_INSTALL_DOCDIR
CMAKE_INSTALL_DOCDIR-ADVANCED:INTERNAL=1
//ADVANCED property for variable: CMAKE_INSTALL_INCLUDEDIR
CMAKE_INSTALL_INCLUDEDIR-ADVANCED:INTERNAL=1
//ADVANCED property for variable: CMAKE_INSTALL_INFODIR
CMAKE_INSTALL_INFODIR-ADVANCED:INTERNAL=1
//ADVANCED property for variable: CMAKE_INSTALL_LIBDIR
CMAKE_INSTALL_LIBDIR-ADVANCED:INTERNAL=1
//ADVANCED property for variable: CMAKE_INSTALL_LIBEXECDIR
CMAKE_INSTALL_LIBEXECDIR-ADVANCED:INTERNAL=1
//ADVANCED property for variable: CMAKE_INSTALL_LOCALEDIR
CMAKE_INSTALL_LOCALEDIR-ADVANCED:INTERNAL=1
//ADVANCED property for variable: CMAKE_INSTALL_LOCALSTATEDIR
CMAKE_INSTALL_LOCALSTATEDIR-ADVANCED:INTERNAL=1
//ADVANCED property for variable: CMAKE_INSTALL_MANDIR
CMAKE_INSTALL_MANDIR-ADVANCED:INTERNAL=1
//ADVANCED property for variable: CMAKE_INSTALL_OLDINCLUDEDIR
CMAKE_INSTALL_OLDINCLUDEDIR-ADVANCED:INTERNAL=1
//ADVANCED property for variable: CMAKE_INSTALL_RUNSTATEDIR
CMAKE_INSTALL_RUNSTATEDIR-ADVANCED:INTERNAL=1
//ADVANCED property for variable: CMAKE_INSTALL_SBINDIR
CMAKE_INSTALL_SBINDIR-ADVANCED:INTERNAL=1
//ADVANCED property for variable: CMAKE_INSTALL_SHAREDSTATEDIR
CMAKE_INSTALL_SHAREDSTATEDIR-ADVANCED:INTERNAL=1
//Install .so files without execute permission.
CMAKE_INSTALL_SO_NO_EXE:INTERNAL=1
//ADVANCED property for variable: CMAKE_INSTALL_SYSCONFDIR
CMAKE_INSTALL_SYSCONFDIR-ADVANCED:INTERNAL=1
//ADVANCED property for variable: CMAKE_LINKER
CMAKE_LINKER-ADVANCED:INTERNAL=1
//ADVANCED property for variable: CMAKE_MAKE_PROGRAM
CMAKE_MAKE_PROGRAM-ADVANCED:INTERNAL=1
//ADVANCED property for variable: CMAKE_MODULE_LINKER_FLAGS
CMAKE_MODULE_LINKER_FLAGS-ADVANCED:INTERNAL=1
//ADVANCED property for variable: CMAKE_MODULE_LINKER_FLAGS_DEBUG
CMAKE_MODULE_LINKER_FLAGS_DEBUG-ADVANCED:INTERNAL=1
//ADVANCED property for variable: CMAKE_MODULE_LINKER_FLAGS_MINSIZEREL
CMAKE_MODULE_LINKER_FLAGS_MINSIZEREL-ADVANCED:INTERNAL=1
//ADVANCED property for variable: CMAKE_MODULE_LINKER_FLAGS_RELEASE
CMAKE_MODULE_LINKER_FLAGS_RELEASE-ADVANCED:INTERNAL=1
//ADVANCED property for variable: CMAKE_MODULE_LINKER_FLAGS_RELWITHDEBINFO
CMAKE_MODULE_LINKER_FLAGS_RELWITHDEBINFO-ADVANCED:INTERNAL=1
//ADVANCED property for variable: CMAKE_NM
CMAKE_NM-ADVANCED:INTERNAL=1
//number of local generators
CMAKE_NUMBER_OF_MAKEFILES:INTERNAL=95
//ADVANCED property for variable: CMAKE_OBJCOPY
CMAKE_OBJCOPY-ADVANCED:INTERNAL=1
//ADVANCED property for variable: CMAKE_OBJDUMP
CMAKE_OBJDUMP-ADVANCED:INTERNAL=1
//Platform information initialized
CMAKE_PLATFORM_INFO_INITIALIZED:INTERNAL=1
//ADVANCED property for variable: CMAKE_RANLIB
CMAKE_RANLIB-ADVANCED:INTERNAL=1
//ADVANCED property for variable: CMAKE_READELF
CMAKE_READELF-ADVANCED:INTERNAL=1
//Path to CMake installation.
CMAKE_ROOT:INTERNAL=/usr/share/cmake-3.25
//ADVANCED property for variable: CMAKE_SHARED_LINKER_FLAGS
CMAKE_SHARED_LINKER_FLAGS-ADVANCED:INTERNAL=1
//ADVANCED property for variable: CMAKE_SHARED_LINKER_FLAGS_DEBUG
CMAKE_SHARED_LINKER_FLAGS_DEBUG-ADVANCED:INTERNAL=1
//ADVANCED property for variable: CMAKE_SHARED_LINKER_FLAGS_MINSIZEREL
CMAKE_SHARED_LINKER_FLAGS_MINSIZEREL-ADVANCED:INTERNAL=1
//ADVANCED property for variable: CMAKE_SHARED_LINKER_FLAGS_RELEASE
CMAKE_SHARED_LINKER_FLAGS_RELEASE-ADVANCED:INTERNAL=1
//ADVANCED property for variable: CMAKE_SHARED_LINKER_FLAGS_RELWITHDEBINFO
CMAKE_SHARED_LINKER_FLAGS_RELWITHDEBINFO-ADVANCED:INTERNAL=1
//ADVANCED property for variable: CMAKE_SKIP_INSTALL_RPATH
CMAKE_SKIP_INSTALL_RPATH-ADVANCED:INTERNAL=1
//ADVANCED property for variable: CMAKE_SKIP_RPATH
CMAKE_SKIP_RPATH-ADVANCED:INTERNAL=1
//ADVANCED property for variable: CMAKE_STATIC_LINKER_FLAGS
CMAKE_STATIC_LINKER_FLAGS-ADVANCED:INTERNAL=1
//ADVANCED property for variable: CMAKE_STATIC_LINKER_FLAGS_DEBUG
CMAKE_STATIC_LINKER_FLAGS_DEBUG-ADVANCED:INTERNAL=1
//ADVANCED property for variable: CMAKE_STATIC_LINKER_FLAGS_MINSIZEREL
CMAKE_STATIC_LINKER_FLAGS_MINSIZEREL-ADVANCED:INTERNAL=1
//ADVANCED property for variable: CMAKE_STATIC_LINKER_FLAGS_RELEASE
CMAKE_STATIC_LINKER_FLAGS_RELEASE-ADVANCED:INTERNAL=1
//ADVANCED property for variable: CMAKE_STATIC_LINKER_FLAGS_RELWITHDEBINFO
CMAKE_STATIC_LINKER_FLAGS_RELWITHDEBINFO-ADVANCED:INTERNAL=1
//ADVANCED property for variable: CMAKE_STRIP
CMAKE_STRIP-ADVANCED:INTERNAL=1
//uname command
CMAKE_UNAME:INTERNAL=/bin/uname
//ADVANCED property for variable: CMAKE_VERBOSE_MAKEFILE
CMAKE_VERBOSE_MAKEFILE-ADVANCED:INTERNAL=1
//ADVANCED property for variable: COVERAGE_COMMAND
COVERAGE_COMMAND-ADVANCED:INTERNAL=1
//ADVANCED property for variable: COVERAGE_EXTRA_FLAGS
COVERAGE_EXTRA_FLAGS-ADVANCED:INTERNAL=1
//ADVANCED property for variable: CPACK_BINARY_DEB
CPACK_BINARY_DEB-ADVANCED:INTERNAL=1
//ADVANCED property for variable: CPACK_BINARY_FREEBSD
CPACK_BINARY_FREEBSD-ADVANCED:INTERNAL=1
//ADVANCED property for variable: CPACK_BINARY_IFW
CPACK_BINARY_IFW-ADVANCED:INTERNAL=1
//ADVANCED property for variable: CPACK_BINARY_NSIS
CPACK_BINARY_NSIS-ADVANCED:INTERNAL=1
//ADVANCED property for variable: CPACK_BINARY_RPM
CPACK_BINARY_RPM-ADVANCED:INTERNAL=1
//ADVANCED property for variable: CPACK_BINARY_STGZ
CPACK_BINARY_STGZ-ADVANCED:INTERNAL=1
//ADVANCED property for variable: CPACK_BINARY_TBZ2
CPACK_BINARY_TBZ2-ADVANCED:INTERNAL=1
//ADVANCED property for variable: CPACK_BINARY_TGZ
CPACK_BINARY_TGZ-ADVANCED:INTERNAL=1
//ADVANCED property for variable: CPACK_BINARY_TXZ
CPACK_BINARY_TXZ-ADVANCED:INTERNAL=1
//ADVANCED property for variable: CPACK_BINARY_TZ
CPACK_BINARY_TZ-ADVANCED:INTERNAL=1
//ADVANCED property for variable: CPACK_SOURCE_RPM
CPACK_SOURCE_RPM-ADVANCED:INTERNAL=1
//ADVANCED property for variable: CPACK_SOURCE_TBZ2
CPACK_SOURCE_TBZ2-ADVANCED:INTERNAL=1
//ADVANCED property for variable: CPACK_SOURCE_TGZ
CPACK_SOURCE_TGZ-ADVANCED:INTERNAL=1
//ADVANCED property for variable: CPACK_SOURCE_TXZ
CPACK_SOURCE_TXZ-ADVANCED:INTERNAL=1
//ADVANCED property for variable: CPACK_SOURCE_TZ
CPACK_SOURCE_TZ-ADVANCED:INTERNAL=1
//ADVANCED property for variable: CPACK_SOURCE_ZIP
CPACK_SOURCE_ZIP-ADVANCED:INTERNAL=1
//ADVANCED property for variable: CTEST_SUBMIT_RETRY_COUNT
CTEST_SUBMIT_RETRY_COUNT-ADVANCED:INTERNAL=1
//ADVANCED property for variable: CTEST_SUBMIT_RETRY_DELAY
CTEST_SUBMIT_RETRY_DELAY-ADVANCED:INTERNAL=1
CUTLASS_CTEST_GENERATED_FILES:INTERNAL=ctest/CTestTestfile.ctest_profiler_gemm.cmake;ctest/CTestTestfile.ctest_profiler_conv2d.cmake;ctest/CTestTestfile.ctest_profiler_conv3d.cmake;ctest/CTestTestfile.ctest_profiler_spgemm.cmake;ctest/CTestTestfile.ctest_profiler_rank_k.cmake;ctest/CTestTestfile.ctest_profiler_rank_2k.cmake;ctest/CTestTestfile.ctest_profiler_trmm.cmake;ctest/CTestTestfile.ctest_profiler_symm.cmake;ctest/CTestTestfile.ctest_examples_00_basic_gemm.cmake;ctest/CTestTestfile.ctest_examples_01_cutlass_utilities.cmake;ctest/CTestTestfile.ctest_examples_02_dump_reg_shmem.cmake;ctest/CTestTestfile.ctest_examples_03_visualize_layout.cmake;ctest/CTestTestfile.ctest_examples_04_tile_iterator.cmake;ctest/CTestTestfile.ctest_examples_05_batched_gemm.cmake;ctest/CTestTestfile.ctest_examples_06_splitk_gemm.cmake;ctest/CTestTestfile.ctest_examples_07_volta_tensorop_gemm.cmake;ctest/CTestTestfile.ctest_examples_08_turing_tensorop_gemm.cmake;ctest/CTestTestfile.ctest_examples_09_turing_tensorop_conv2dfprop.cmake;ctest/CTestTestfile.ctest_examples_10_planar_complex.cmake;ctest/CTestTestfile.ctest_examples_11_planar_complex_array.cmake;ctest/CTestTestfile.ctest_examples_12_gemm_bias_relu.cmake;ctest/CTestTestfile.ctest_examples_13_fused_two_convs_f16_sm75_rf.cmake;ctest/CTestTestfile.ctest_examples_13_fused_two_convs_f16_sm75_shmem.cmake;ctest/CTestTestfile.ctest_examples_13_fused_two_convs_f16_sm80_rf.cmake;ctest/CTestTestfile.ctest_examples_13_fused_two_convs_f16_sm80_shmem.cmake;ctest/CTestTestfile.ctest_examples_13_fused_two_convs_s8_sm75_rf.cmake;ctest/CTestTestfile.ctest_examples_13_fused_two_convs_s8_sm75_shmem.cmake;ctest/CTestTestfile.ctest_examples_13_fused_two_convs_s8_sm80_rf.cmake;ctest/CTestTestfile.ctest_examples_13_fused_two_convs_s8_sm80_shmem.cmake;ctest/CTestTestfile.ctest_examples_13_fused_two_gemms_f16_sm75_rf.cmake;ctest/CTestTestfile.ctest_examples_13_fused_two_gemms_f16_sm75_shmem.cmake;ctest/CTestTestfile.ctest_examples_13_fused_two_gemms_f16_sm80_rf.cmake;ctest/CTestTestfile.ctest_examples_13_fused_two_gemms_f16_sm80_shmem.cmake;ctest/CTestTestfile.ctest_examples_13_fused_two_gemms_s8_sm75_rf.cmake;ctest/CTestTestfile.ctest_examples_13_fused_two_gemms_s8_sm75_shmem.cmake;ctest/CTestTestfile.ctest_examples_13_fused_two_gemms_s8_sm80_rf.cmake;ctest/CTestTestfile.ctest_examples_13_fused_two_gemms_s8_sm80_shmem.cmake;ctest/CTestTestfile.ctest_examples_14_ampere_tf32_tensorop_gemm.cmake;ctest/CTestTestfile.ctest_examples_15_ampere_sparse_tensorop_gemm.cmake;ctest/CTestTestfile.ctest_examples_16_ampere_tensorop_conv2dfprop.cmake;ctest/CTestTestfile.ctest_examples_17_fprop_per_channel_bias.cmake;ctest/CTestTestfile.ctest_examples_18_ampere_fp64_tensorop_affine2_gemm.cmake;ctest/CTestTestfile.ctest_examples_19_tensorop_canonical.cmake;ctest/CTestTestfile.ctest_examples_20_simt_canonical.cmake;ctest/CTestTestfile.ctest_examples_21_quaternion_gemm.cmake;ctest/CTestTestfile.ctest_examples_22_quaternion_conv.cmake;ctest/CTestTestfile.ctest_examples_23_ampere_gemm_operand_reduction_fusion.cmake;ctest/CTestTestfile.ctest_examples_24_gemm_grouped.cmake;ctest/CTestTestfile.ctest_examples_25_ampere_fprop_mainloop_fusion.cmake;ctest/CTestTestfile.ctest_examples_25_ampere_3d_fprop_mainloop_fusion.cmake;ctest/CTestTestfile.ctest_examples_26_ampere_wgrad_mainloop_fusion.cmake;ctest/CTestTestfile.ctest_examples_27_ampere_3xtf32_fast_accurate_tensorop_gemm.cmake;ctest/CTestTestfile.ctest_examples_28_ampere_3xtf32_fast_accurate_tensorop_fprop.cmake;ctest/CTestTestfile.ctest_examples_29_3xtf32_complex_gemm.cmake;ctest/CTestTestfile.ctest_examples_30_wgrad_split_k.cmake;ctest/CTestTestfile.ctest_examples_31_basic_syrk.cmake;ctest/CTestTestfile.ctest_examples_32_basic_trmm.cmake;ctest/CTestTestfile.ctest_examples_33_ampere_3xtf32_tensorop_symm.cmake;ctest/CTestTestfile.ctest_examples_34_transposed_conv2d.cmake;ctest/CTestTestfile.ctest_examples_35_gemm_softmax.cmake;ctest/CTestTestfile.ctest_examples_36_gather_scatter_fusion.cmake;ctest/CTestTestfile.ctest_examples_37_gemm_layernorm_gemm_fusion.cmake;ctest/CTestTestfile.ctest_examples_38_syr2k_grouped.cmake;ctest/CTestTestfile.ctest_examples_sgemm_nt_1.cmake;ctest/CTestTestfile.ctest_examples_39_gemm_permute.cmake;ctest/CTestTestfile.ctest_examples_41_fused_multi_head_attention_fixed_seqlen.cmake;ctest/CTestTestfile.ctest_examples_41_fused_multi_head_attention_variable_seqlen.cmake;ctest/CTestTestfile.ctest_examples_41_fused_multi_head_attention_backward.cmake;ctest/CTestTestfile.ctest_examples_42_ampere_tensorop_group_conv.cmake;ctest/CTestTestfile.ctest_examples_43_ell_block_sparse_gemm.cmake;ctest/CTestTestfile.ctest_examples_45_dual_gemm.cmake;ctest/CTestTestfile.ctest_examples_46_depthwise_simt_conv2dfprop.cmake;ctest/CTestTestfile.ctest_examples_47_ampere_gemm_universal_streamk.cmake;ctest/CTestTestfile.ctest_examples_48_hopper_warp_specialized_gemm.cmake;ctest/CTestTestfile.ctest_examples_49_collective_builder.cmake;ctest/CTestTestfile.ctest_examples_50_hopper_gemm_with_epilogue_swizzle.cmake;ctest/CTestTestfile.ctest_examples_51_hopper_gett.cmake;ctest/CTestTestfile.ctest_unit_core.cmake;ctest/CTestTestfile.ctest_unit_cute_core.cmake;ctest/CTestTestfile.ctest_unit_cute_ampere.cmake;ctest/CTestTestfile.ctest_unit_cute_hopper_stsm.cmake;ctest/CTestTestfile.ctest_unit_cute_hopper_tma_load.cmake;ctest/CTestTestfile.ctest_unit_cute_hopper_tma_store.cmake;ctest/CTestTestfile.ctest_unit_cute_hopper_bulk_load.cmake;ctest/CTestTestfile.ctest_unit_cute_hopper_bulk_store.cmake;ctest/CTestTestfile.ctest_unit_cute_layout.cmake;ctest/CTestTestfile.ctest_unit_cute_msvc_compilation.cmake;ctest/CTestTestfile.ctest_unit_gemm_thread.cmake;ctest/CTestTestfile.ctest_unit_gemm_thread_host.cmake;ctest/CTestTestfile.ctest_unit_gemm_warp.cmake;ctest/CTestTestfile.ctest_unit_gemm_threadblock.cmake;ctest/CTestTestfile.ctest_unit_gemm_device_simt.cmake;ctest/CTestTestfile.ctest_unit_gemm_device_simt_3x.cmake;ctest/CTestTestfile.ctest_unit_gemm_device_tensorop_sm70.cmake;ctest/CTestTestfile.ctest_unit_gemm_device_tensorop_sm75.cmake;ctest/CTestTestfile.ctest_unit_gemm_device_tensorop_f16_sm80.cmake;ctest/CTestTestfile.ctest_unit_gemm_device_tensorop_f32_sm80.cmake;ctest/CTestTestfile.ctest_unit_gemm_device_tensorop_f32_sm80_3x.cmake;ctest/CTestTestfile.ctest_unit_gemm_device_tensorop_sm90.cmake;ctest/CTestTestfile.ctest_unit_gemm_device_tensorop_alignx_sm90.cmake;ctest/CTestTestfile.ctest_unit_gemm_device_tensorop_epilogue_fusion_sm90.cmake;ctest/CTestTestfile.ctest_unit_gemm_device_tensorop_cluster_multicast_sm90.cmake;ctest/CTestTestfile.ctest_unit_gemm_device_tensorop_gmma_rs_warpspecialized_sm90.cmake;ctest/CTestTestfile.ctest_unit_gemm_device_tensorop_f32_tf32_sm80.cmake;ctest/CTestTestfile.ctest_unit_gemm_device_tensorop_f64.cmake;ctest/CTestTestfile.ctest_unit_gemm_device_tensorop_s32_sm80.cmake;ctest/CTestTestfile.ctest_unit_gemm_device_wmma.cmake;ctest/CTestTestfile.ctest_unit_gemm_device_tensorop_planar_complex.cmake;ctest/CTestTestfile.ctest_unit_gemm_device_grouped.cmake;ctest/CTestTestfile.ctest_unit_gemm_device_grouped_scheduler.cmake;ctest/CTestTestfile.ctest_unit_gemm_device_grouped_rank_2k_scheduler.cmake;ctest/CTestTestfile.ctest_unit_gemm_device_sparse_tensorop_sm80.cmake;ctest/CTestTestfile.ctest_unit_gemv_device.cmake;ctest/CTestTestfile.ctest_unit_gemv_device_strided_batched.cmake;ctest/CTestTestfile.ctest_unit_gemm_device_gemm_with_fused_epilogue_tensorop.cmake;ctest/CTestTestfile.ctest_unit_gemm_device_blas3.cmake;ctest/CTestTestfile.ctest_unit_gemm_device_grouped_blas3.cmake;ctest/CTestTestfile.ctest_unit_gemm_device_broadcast.cmake;ctest/CTestTestfile.ctest_unit_conv_device_simt.cmake;ctest/CTestTestfile.ctest_unit_conv_device_tensorop_f32_sm70.cmake;ctest/CTestTestfile.ctest_unit_conv_device_tensorop_f32_sm75.cmake;ctest/CTestTestfile.ctest_unit_conv_device_tensorop_s32.cmake;ctest/CTestTestfile.ctest_unit_conv_device_tensorop_s32_interleaved.cmake;ctest/CTestTestfile.ctest_unit_layout.cmake;ctest/CTestTestfile.ctest_unit_transform_threadblock.cmake;ctest/CTestTestfile.ctest_unit_epilogue_thread.cmake;ctest/CTestTestfile.ctest_unit_epilogue_warp.cmake;ctest/CTestTestfile.ctest_unit_epilogue_threadblock.cmake;ctest/CTestTestfile.ctest_unit_reduction_thread.cmake;ctest/CTestTestfile.ctest_unit_reduction_kernel.cmake;ctest/CTestTestfile.ctest_unit_reduction_device.cmake;ctest/CTestTestfile.ctest_unit_util.cmake;ctest/CTestTestfile.ctest_unit_pipeline.cmake;ctest/CTestTestfile.ctest_unit_substrate.cmake;ctest/CTestTestfile.ctest_unit_cluster_launch.cmake;ctest/CTestTestfile.ctest_unit_nvrtc_thread.cmake
//Location of generator scripts
CUTLASS_GENERATOR_DIR:INTERNAL=/home/tgrogers-raid/a/gaur13/accel-sim-updated/accel-sim/accel-sim-framework/gpu-app-collection/src/cuda/cutlass-bench/tools/library
//STRINGS property for variable: CUTLASS_TEST_LEVEL
CUTLASS_TEST_LEVEL-STRINGS:INTERNAL=0;1;2
CUTLASS_TOOLS_UTIL_INCLUDE_DIR:INTERNAL=/home/tgrogers-raid/a/gaur13/accel-sim-updated/accel-sim/accel-sim-framework/gpu-app-collection/src/cuda/cutlass-bench/tools/util/include
//ADVANCED property for variable: DART_TESTING_TIMEOUT
DART_TESTING_TIMEOUT-ADVANCED:INTERNAL=1
//ADVANCED property for variable: DOXYGEN_DOT_EXECUTABLE
DOXYGEN_DOT_EXECUTABLE-ADVANCED:INTERNAL=1
//ADVANCED property for variable: DOXYGEN_EXECUTABLE
DOXYGEN_EXECUTABLE-ADVANCED:INTERNAL=1
//Details about finding Python
FIND_PACKAGE_MESSAGE_DETAILS_Python:INTERNAL=[/usr/bin/python3.8][cfound components: Interpreter ][v3.8.0()]
//Details about finding Python3
FIND_PACKAGE_MESSAGE_DETAILS_Python3:INTERNAL=[/usr/bin/python3.8][cfound components: Interpreter ][v3.8.0(3.5)]
//Details about finding Threads
FIND_PACKAGE_MESSAGE_DETAILS_Threads:INTERNAL=[TRUE][v()]
//ADVANCED property for variable: GITCOMMAND
GITCOMMAND-ADVANCED:INTERNAL=1
//ADVANCED property for variable: GIT_EXECUTABLE
GIT_EXECUTABLE-ADVANCED:INTERNAL=1
//ADVANCED property for variable: MAKECOMMAND
MAKECOMMAND-ADVANCED:INTERNAL=1
//ADVANCED property for variable: MEMORYCHECK_COMMAND
MEMORYCHECK_COMMAND-ADVANCED:INTERNAL=1
//ADVANCED property for variable: MEMORYCHECK_SUPPRESSIONS_FILE
MEMORYCHECK_SUPPRESSIONS_FILE-ADVANCED:INTERNAL=1
//Path to python3 executable
Python3_EXECUTABLE:INTERNAL=/usr/bin/python3.8
//ADVANCED property for variable: SITE
SITE-ADVANCED:INTERNAL=1
//linker supports push/pop state
_CMAKE_LINKER_PUSHPOP_STATE_SUPPORTED:INTERNAL=TRUE
//CMAKE_INSTALL_PREFIX during last run
_GNUInstallDirs_LAST_CMAKE_INSTALL_PREFIX:INTERNAL=install
//Compiler reason failure
_Python3_Compiler_REASON_FAILURE:INTERNAL=
//Development reason failure
_Python3_Development_REASON_FAILURE:INTERNAL=
//Path to a program.
_Python3_EXECUTABLE:INTERNAL=/usr/bin/python3.8
//Python3 Properties
_Python3_INTERPRETER_PROPERTIES:INTERNAL=Python;3;8;0;64;;cpython-38-x86_64-linux-gnu;/usr/lib/python3.8;/usr/lib/python3.8;/usr/lib/python3/dist-packages;/usr/lib/python3/dist-packages
_Python3_INTERPRETER_SIGNATURE:INTERNAL=180e97fb1279d3b900d9246ae8984c88
//NumPy reason failure
_Python3_NumPy_REASON_FAILURE:INTERNAL=
//Compiler reason failure
_Python_Compiler_REASON_FAILURE:INTERNAL=
//Development reason failure
_Python_Development_REASON_FAILURE:INTERNAL=
//Path to a program.
_Python_EXECUTABLE:INTERNAL=/usr/bin/python3.8
//Python Properties
_Python_INTERPRETER_PROPERTIES:INTERNAL=Python;3;8;0;64;;cpython-38-x86_64-linux-gnu;/usr/lib/python3.8;/usr/lib/python3.8;/usr/lib/python3/dist-packages;/usr/lib/python3/dist-packages
_Python_INTERPRETER_SIGNATURE:INTERNAL=180e97fb1279d3b900d9246ae8984c88
//NumPy reason failure
_Python_NumPy_REASON_FAILURE:INTERNAL=
__CUTLASS_CUDA_CLANG_FLAGS:INTERNAL=-DCUTLASS_TEST_LEVEL=0;--cuda-include-ptx=all
__CUTLASS_CUDA_CLANG_FLAGS_DEBUG:INTERNAL=
__CUTLASS_CUDA_CLANG_FLAGS_RELEASE:INTERNAL=
__CUTLASS_CUDA_CLANG_FLAGS_RELWITHDEBINFO:INTERNAL=
__CUTLASS_CUDA_FLAGS:INTERNAL=-DCUTLASS_ENABLE_TENSOR_CORE_MMA=1
__CUTLASS_CUDA_FLAGS_DEBUG:INTERNAL=
__CUTLASS_CUDA_FLAGS_RELEASE:INTERNAL=
__CUTLASS_CUDA_FLAGS_RELWITHDEBINFO:INTERNAL=
__CUTLASS_CUDA_NVCC_FLAGS:INTERNAL=--expt-relaxed-constexpr;-DCUTLASS_TEST_LEVEL=0;-DCUTLASS_TEST_ENABLE_CACHED_RESULTS=1;-DCUTLASS_CONV_UNIT_TEST_RIGOROUS_SIZE_ENABLED=1;-DCUTLASS_DEBUG_TRACE_LEVEL=0;-Xcompiler=-Wconversion;-Xcompiler=-fno-strict-aliasing
__CUTLASS_CUDA_NVCC_FLAGS_DEBUG:INTERNAL=
__CUTLASS_CUDA_NVCC_FLAGS_RELEASE:INTERNAL=
__CUTLASS_CUDA_NVCC_FLAGS_RELWITHDEBINFO:INTERNAL=
cmake_package_name:INTERNAL=GTest
generated_dir:INTERNAL=/home/tgrogers-raid/a/gaur13/accel-sim-updated/accel-sim/accel-sim-framework/gpu-app-collection/src/cuda/cutlass-bench/build/_deps/googletest-build/googletest/generated
//ADVANCED property for variable: gmock_build_tests
gmock_build_tests-ADVANCED:INTERNAL=1
//ADVANCED property for variable: gtest_build_samples
gtest_build_samples-ADVANCED:INTERNAL=1
//ADVANCED property for variable: gtest_build_tests
gtest_build_tests-ADVANCED:INTERNAL=1
//ADVANCED property for variable: gtest_disable_pthreads
gtest_disable_pthreads-ADVANCED:INTERNAL=1
//ADVANCED property for variable: gtest_force_shared_crt
gtest_force_shared_crt-ADVANCED:INTERNAL=1
//ADVANCED property for variable: gtest_hide_internal_symbols
gtest_hide_internal_symbols-ADVANCED:INTERNAL=1
targets_export_name:INTERNAL=GTestTargets

